2019-06-11 11:00:00.598 [Thread-15] INFO  org.springframework.scheduling.concurrent.ThreadPoolTaskScheduler - Shutting down ExecutorService 'taskScheduler'
2019-06-11 11:00:00.617 [Thread-15] INFO  org.springframework.scheduling.concurrent.ThreadPoolTaskExecutor - Shutting down ExecutorService 'applicationTaskExecutor'
2019-06-11 11:01:10.960 [restartedMain] INFO  com.course.Application - Starting Application on DESKTOP-NRG4275 with PID 20148 (C:\Users\DELL\Desktop\go_test\target\classes started by DELL in C:\Users\DELL\Desktop\go_test)
2019-06-11 11:01:10.971 [restartedMain] INFO  com.course.Application - No active profile set, falling back to default profiles: default
2019-06-11 11:01:11.173 [restartedMain] INFO  org.springframework.boot.devtools.env.DevToolsPropertyDefaultsPostProcessor - Devtools property defaults active! Set 'spring.devtools.add-properties' to 'false' to disable
2019-06-11 11:01:11.180 [restartedMain] INFO  org.springframework.boot.devtools.env.DevToolsPropertyDefaultsPostProcessor - For additional web related logging consider setting the 'logging.level.web' property to 'DEBUG'
2019-06-11 11:01:14.182 [restartedMain] WARN  org.mybatis.spring.mapper.ClassPathMapperScanner - No MyBatis mapper was found in '[com.course]' package. Please check your configuration.
2019-06-11 11:01:17.567 [restartedMain] INFO  org.springframework.boot.web.embedded.tomcat.TomcatWebServer - Tomcat initialized with port(s): 8080 (http)
2019-06-11 11:01:17.670 [restartedMain] INFO  org.apache.catalina.core.StandardService - Starting service [Tomcat]
2019-06-11 11:01:17.677 [restartedMain] INFO  org.apache.catalina.core.StandardEngine - Starting Servlet engine: [Apache Tomcat/9.0.17]
2019-06-11 11:01:18.095 [restartedMain] INFO  org.apache.catalina.core.ContainerBase.[Tomcat].[localhost].[/] - Initializing Spring embedded WebApplicationContext
2019-06-11 11:01:18.098 [restartedMain] INFO  org.springframework.web.context.ContextLoader - Root WebApplicationContext: initialization completed in 6911 ms
2019-06-11 11:01:20.103 [restartedMain] INFO  org.springframework.scheduling.concurrent.ThreadPoolTaskExecutor - Initializing ExecutorService 'applicationTaskExecutor'
2019-06-11 11:01:20.902 [restartedMain] INFO  org.springframework.boot.autoconfigure.web.servlet.WelcomePageHandlerMapping - Adding welcome page: class path resource [static/index.html]
2019-06-11 11:01:21.247 [restartedMain] INFO  org.springframework.scheduling.concurrent.ThreadPoolTaskScheduler - Initializing ExecutorService 'taskScheduler'
2019-06-11 11:01:21.544 [restartedMain] INFO  org.springframework.boot.devtools.autoconfigure.OptionalLiveReloadServer - LiveReload server is running on port 35729
2019-06-11 11:01:21.808 [restartedMain] INFO  org.springframework.boot.web.embedded.tomcat.TomcatWebServer - Tomcat started on port(s): 8080 (http) with context path ''
2019-06-11 11:01:21.816 [restartedMain] INFO  com.course.Application - Started Application in 12.215 seconds (JVM running for 14.688)
2019-06-11 11:01:55.651 [http-nio-8080-exec-1] INFO  org.apache.catalina.core.ContainerBase.[Tomcat].[localhost].[/] - Initializing Spring DispatcherServlet 'dispatcherServlet'
2019-06-11 11:01:55.654 [http-nio-8080-exec-1] INFO  org.springframework.web.servlet.DispatcherServlet - Initializing Servlet 'dispatcherServlet'
2019-06-11 11:01:55.711 [http-nio-8080-exec-1] INFO  org.springframework.web.servlet.DispatcherServlet - Completed initialization in 48 ms
2019-06-11 11:13:30.288 [restartedMain] INFO  com.course.Application - Starting Application on DESKTOP-NRG4275 with PID 11356 (C:\Users\DELL\Desktop\go_test\target\classes started by DELL in C:\Users\DELL\Desktop\go_test)
2019-06-11 11:13:30.300 [restartedMain] INFO  com.course.Application - No active profile set, falling back to default profiles: default
2019-06-11 11:13:30.530 [restartedMain] INFO  org.springframework.boot.devtools.env.DevToolsPropertyDefaultsPostProcessor - Devtools property defaults active! Set 'spring.devtools.add-properties' to 'false' to disable
2019-06-11 11:13:30.532 [restartedMain] INFO  org.springframework.boot.devtools.env.DevToolsPropertyDefaultsPostProcessor - For additional web related logging consider setting the 'logging.level.web' property to 'DEBUG'
2019-06-11 11:13:34.431 [restartedMain] WARN  org.mybatis.spring.mapper.ClassPathMapperScanner - No MyBatis mapper was found in '[com.course]' package. Please check your configuration.
2019-06-11 11:13:39.670 [restartedMain] INFO  org.springframework.boot.web.embedded.tomcat.TomcatWebServer - Tomcat initialized with port(s): 8080 (http)
2019-06-11 11:13:39.873 [restartedMain] INFO  org.apache.catalina.core.StandardService - Starting service [Tomcat]
2019-06-11 11:13:39.888 [restartedMain] INFO  org.apache.catalina.core.StandardEngine - Starting Servlet engine: [Apache Tomcat/9.0.17]
2019-06-11 11:13:40.612 [restartedMain] INFO  org.apache.catalina.core.ContainerBase.[Tomcat].[localhost].[/] - Initializing Spring embedded WebApplicationContext
2019-06-11 11:13:40.617 [restartedMain] INFO  org.springframework.web.context.ContextLoader - Root WebApplicationContext: initialization completed in 10058 ms
2019-06-11 11:13:44.262 [restartedMain] INFO  org.springframework.scheduling.concurrent.ThreadPoolTaskExecutor - Initializing ExecutorService 'applicationTaskExecutor'
2019-06-11 11:13:45.934 [restartedMain] INFO  org.springframework.boot.autoconfigure.web.servlet.WelcomePageHandlerMapping - Adding welcome page: class path resource [static/index.html]
2019-06-11 11:13:46.670 [restartedMain] INFO  org.springframework.scheduling.concurrent.ThreadPoolTaskScheduler - Initializing ExecutorService 'taskScheduler'
2019-06-11 11:13:47.419 [restartedMain] INFO  org.springframework.boot.devtools.autoconfigure.OptionalLiveReloadServer - LiveReload server is running on port 35729
2019-06-11 11:13:47.871 [restartedMain] INFO  org.springframework.boot.web.embedded.tomcat.TomcatWebServer - Tomcat started on port(s): 8080 (http) with context path ''
2019-06-11 11:13:47.901 [restartedMain] INFO  com.course.Application - Started Application in 19.534 seconds (JVM running for 22.243)
2019-06-11 11:14:00.463 [http-nio-8080-exec-1] INFO  org.apache.catalina.core.ContainerBase.[Tomcat].[localhost].[/] - Initializing Spring DispatcherServlet 'dispatcherServlet'
2019-06-11 11:14:00.467 [http-nio-8080-exec-1] INFO  org.springframework.web.servlet.DispatcherServlet - Initializing Servlet 'dispatcherServlet'
2019-06-11 11:14:00.531 [http-nio-8080-exec-1] INFO  org.springframework.web.servlet.DispatcherServlet - Completed initialization in 39 ms
2019-06-11 11:33:03.051 [restartedMain] INFO  com.course.Application - Starting Application on DESKTOP-NRG4275 with PID 5788 (C:\Users\DELL\Desktop\go_test\target\classes started by DELL in C:\Users\DELL\Desktop\go_test)
2019-06-11 11:33:03.058 [restartedMain] INFO  com.course.Application - No active profile set, falling back to default profiles: default
2019-06-11 11:33:03.256 [restartedMain] INFO  org.springframework.boot.devtools.env.DevToolsPropertyDefaultsPostProcessor - Devtools property defaults active! Set 'spring.devtools.add-properties' to 'false' to disable
2019-06-11 11:33:03.256 [restartedMain] INFO  org.springframework.boot.devtools.env.DevToolsPropertyDefaultsPostProcessor - For additional web related logging consider setting the 'logging.level.web' property to 'DEBUG'
2019-06-11 11:33:05.798 [restartedMain] WARN  org.mybatis.spring.mapper.ClassPathMapperScanner - No MyBatis mapper was found in '[com.course]' package. Please check your configuration.
2019-06-11 11:33:08.254 [restartedMain] INFO  org.springframework.boot.web.embedded.tomcat.TomcatWebServer - Tomcat initialized with port(s): 8080 (http)
2019-06-11 11:33:08.305 [restartedMain] INFO  org.apache.catalina.core.StandardService - Starting service [Tomcat]
2019-06-11 11:33:08.306 [restartedMain] INFO  org.apache.catalina.core.StandardEngine - Starting Servlet engine: [Apache Tomcat/9.0.17]
2019-06-11 11:33:08.648 [restartedMain] INFO  org.apache.catalina.core.ContainerBase.[Tomcat].[localhost].[/] - Initializing Spring embedded WebApplicationContext
2019-06-11 11:33:08.649 [restartedMain] INFO  org.springframework.web.context.ContextLoader - Root WebApplicationContext: initialization completed in 5392 ms
2019-06-11 11:33:10.218 [restartedMain] INFO  org.springframework.scheduling.concurrent.ThreadPoolTaskExecutor - Initializing ExecutorService 'applicationTaskExecutor'
2019-06-11 11:33:10.797 [restartedMain] INFO  org.springframework.boot.autoconfigure.web.servlet.WelcomePageHandlerMapping - Adding welcome page: class path resource [static/index.html]
2019-06-11 11:33:11.134 [restartedMain] INFO  org.springframework.scheduling.concurrent.ThreadPoolTaskScheduler - Initializing ExecutorService 'taskScheduler'
2019-06-11 11:33:11.390 [restartedMain] INFO  org.springframework.boot.devtools.autoconfigure.OptionalLiveReloadServer - LiveReload server is running on port 35729
2019-06-11 11:33:11.619 [restartedMain] INFO  org.springframework.boot.web.embedded.tomcat.TomcatWebServer - Tomcat started on port(s): 8080 (http) with context path ''
2019-06-11 11:33:11.632 [restartedMain] INFO  com.course.Application - Started Application in 9.51 seconds (JVM running for 10.775)
2019-06-11 11:33:16.597 [http-nio-8080-exec-1] INFO  org.apache.catalina.core.ContainerBase.[Tomcat].[localhost].[/] - Initializing Spring DispatcherServlet 'dispatcherServlet'
2019-06-11 11:33:16.599 [http-nio-8080-exec-1] INFO  org.springframework.web.servlet.DispatcherServlet - Initializing Servlet 'dispatcherServlet'
2019-06-11 11:33:16.637 [http-nio-8080-exec-1] INFO  org.springframework.web.servlet.DispatcherServlet - Completed initialization in 37 ms
2019-06-11 11:33:41.180 [Thread-6] INFO  org.springframework.scheduling.concurrent.ThreadPoolTaskScheduler - Shutting down ExecutorService 'taskScheduler'
2019-06-11 11:33:41.182 [Thread-6] INFO  org.springframework.scheduling.concurrent.ThreadPoolTaskExecutor - Shutting down ExecutorService 'applicationTaskExecutor'
2019-06-11 11:33:42.017 [restartedMain] INFO  com.course.Application - Starting Application on DESKTOP-NRG4275 with PID 5788 (C:\Users\DELL\Desktop\go_test\target\classes started by DELL in C:\Users\DELL\Desktop\go_test)
2019-06-11 11:33:42.019 [restartedMain] INFO  com.course.Application - No active profile set, falling back to default profiles: default
2019-06-11 11:33:43.144 [restartedMain] WARN  org.mybatis.spring.mapper.ClassPathMapperScanner - No MyBatis mapper was found in '[com.course]' package. Please check your configuration.
2019-06-11 11:33:43.716 [restartedMain] INFO  org.springframework.boot.web.embedded.tomcat.TomcatWebServer - Tomcat initialized with port(s): 8080 (http)
2019-06-11 11:33:43.717 [restartedMain] INFO  org.apache.catalina.core.StandardService - Starting service [Tomcat]
2019-06-11 11:33:43.718 [restartedMain] INFO  org.apache.catalina.core.StandardEngine - Starting Servlet engine: [Apache Tomcat/9.0.17]
2019-06-11 11:33:43.790 [restartedMain] INFO  org.apache.catalina.core.ContainerBase.[Tomcat].[localhost].[/] - Initializing Spring embedded WebApplicationContext
2019-06-11 11:33:43.794 [restartedMain] INFO  org.springframework.web.context.ContextLoader - Root WebApplicationContext: initialization completed in 1760 ms
2019-06-11 11:33:44.314 [restartedMain] INFO  org.springframework.scheduling.concurrent.ThreadPoolTaskExecutor - Initializing ExecutorService 'applicationTaskExecutor'
2019-06-11 11:33:44.485 [restartedMain] INFO  org.springframework.boot.autoconfigure.web.servlet.WelcomePageHandlerMapping - Adding welcome page: class path resource [static/index.html]
2019-06-11 11:33:44.585 [restartedMain] INFO  org.springframework.scheduling.concurrent.ThreadPoolTaskScheduler - Initializing ExecutorService 'taskScheduler'
2019-06-11 11:33:44.710 [restartedMain] INFO  org.springframework.boot.devtools.autoconfigure.OptionalLiveReloadServer - LiveReload server is running on port 35729
2019-06-11 11:33:44.785 [restartedMain] INFO  org.springframework.boot.web.embedded.tomcat.TomcatWebServer - Tomcat started on port(s): 8080 (http) with context path ''
2019-06-11 11:33:44.788 [restartedMain] INFO  com.course.Application - Started Application in 2.932 seconds (JVM running for 43.931)
2019-06-11 11:33:44.795 [restartedMain] INFO  o.s.boot.devtools.autoconfigure.ConditionEvaluationDeltaLoggingListener - Condition evaluation unchanged
2019-06-11 11:34:05.440 [Thread-10] INFO  org.springframework.scheduling.concurrent.ThreadPoolTaskScheduler - Shutting down ExecutorService 'taskScheduler'
2019-06-11 11:34:05.450 [Thread-10] INFO  org.springframework.scheduling.concurrent.ThreadPoolTaskExecutor - Shutting down ExecutorService 'applicationTaskExecutor'
2019-06-11 11:34:06.890 [restartedMain] INFO  com.course.Application - Starting Application on DESKTOP-NRG4275 with PID 5788 (C:\Users\DELL\Desktop\go_test\target\classes started by DELL in C:\Users\DELL\Desktop\go_test)
2019-06-11 11:34:06.891 [restartedMain] INFO  com.course.Application - No active profile set, falling back to default profiles: default
2019-06-11 11:34:08.138 [restartedMain] WARN  org.mybatis.spring.mapper.ClassPathMapperScanner - No MyBatis mapper was found in '[com.course]' package. Please check your configuration.
2019-06-11 11:34:08.754 [restartedMain] INFO  org.springframework.boot.web.embedded.tomcat.TomcatWebServer - Tomcat initialized with port(s): 8080 (http)
2019-06-11 11:34:08.766 [restartedMain] INFO  org.apache.catalina.core.StandardService - Starting service [Tomcat]
2019-06-11 11:34:08.767 [restartedMain] INFO  org.apache.catalina.core.StandardEngine - Starting Servlet engine: [Apache Tomcat/9.0.17]
2019-06-11 11:34:08.889 [restartedMain] INFO  org.apache.catalina.core.ContainerBase.[Tomcat].[localhost].[/] - Initializing Spring embedded WebApplicationContext
2019-06-11 11:34:08.890 [restartedMain] INFO  org.springframework.web.context.ContextLoader - Root WebApplicationContext: initialization completed in 1984 ms
2019-06-11 11:34:09.435 [restartedMain] INFO  org.springframework.scheduling.concurrent.ThreadPoolTaskExecutor - Initializing ExecutorService 'applicationTaskExecutor'
2019-06-11 11:34:09.625 [restartedMain] INFO  org.springframework.boot.autoconfigure.web.servlet.WelcomePageHandlerMapping - Adding welcome page: class path resource [static/index.html]
2019-06-11 11:34:09.708 [restartedMain] INFO  org.springframework.scheduling.concurrent.ThreadPoolTaskScheduler - Initializing ExecutorService 'taskScheduler'
2019-06-11 11:34:09.854 [restartedMain] INFO  org.springframework.boot.devtools.autoconfigure.OptionalLiveReloadServer - LiveReload server is running on port 35729
2019-06-11 11:34:09.964 [restartedMain] INFO  org.springframework.boot.web.embedded.tomcat.TomcatWebServer - Tomcat started on port(s): 8080 (http) with context path ''
2019-06-11 11:34:09.966 [restartedMain] INFO  com.course.Application - Started Application in 3.259 seconds (JVM running for 69.109)
2019-06-11 11:34:09.974 [restartedMain] INFO  o.s.boot.devtools.autoconfigure.ConditionEvaluationDeltaLoggingListener - Condition evaluation unchanged
2019-06-11 11:34:12.300 [Thread-16] INFO  org.springframework.scheduling.concurrent.ThreadPoolTaskScheduler - Shutting down ExecutorService 'taskScheduler'
2019-06-11 11:34:12.304 [Thread-16] INFO  org.springframework.scheduling.concurrent.ThreadPoolTaskExecutor - Shutting down ExecutorService 'applicationTaskExecutor'
2019-06-11 11:34:13.069 [restartedMain] INFO  com.course.Application - Starting Application on DESKTOP-NRG4275 with PID 5788 (C:\Users\DELL\Desktop\go_test\target\classes started by DELL in C:\Users\DELL\Desktop\go_test)
2019-06-11 11:34:13.072 [restartedMain] INFO  com.course.Application - No active profile set, falling back to default profiles: default
2019-06-11 11:34:13.792 [restartedMain] WARN  org.mybatis.spring.mapper.ClassPathMapperScanner - No MyBatis mapper was found in '[com.course]' package. Please check your configuration.
2019-06-11 11:34:14.137 [restartedMain] INFO  org.springframework.boot.web.embedded.tomcat.TomcatWebServer - Tomcat initialized with port(s): 8080 (http)
2019-06-11 11:34:14.139 [restartedMain] INFO  org.apache.catalina.core.StandardService - Starting service [Tomcat]
2019-06-11 11:34:14.140 [restartedMain] INFO  org.apache.catalina.core.StandardEngine - Starting Servlet engine: [Apache Tomcat/9.0.17]
2019-06-11 11:34:14.173 [restartedMain] INFO  org.apache.catalina.core.ContainerBase.[Tomcat].[localhost].[/] - Initializing Spring embedded WebApplicationContext
2019-06-11 11:34:14.173 [restartedMain] INFO  org.springframework.web.context.ContextLoader - Root WebApplicationContext: initialization completed in 1089 ms
2019-06-11 11:34:14.472 [restartedMain] INFO  org.springframework.scheduling.concurrent.ThreadPoolTaskExecutor - Initializing ExecutorService 'applicationTaskExecutor'
2019-06-11 11:34:14.597 [restartedMain] INFO  org.springframework.boot.autoconfigure.web.servlet.WelcomePageHandlerMapping - Adding welcome page: class path resource [static/index.html]
2019-06-11 11:34:14.674 [restartedMain] INFO  org.springframework.scheduling.concurrent.ThreadPoolTaskScheduler - Initializing ExecutorService 'taskScheduler'
2019-06-11 11:34:14.768 [restartedMain] INFO  org.springframework.boot.devtools.autoconfigure.OptionalLiveReloadServer - LiveReload server is running on port 35729
2019-06-11 11:34:14.825 [restartedMain] INFO  org.springframework.boot.web.embedded.tomcat.TomcatWebServer - Tomcat started on port(s): 8080 (http) with context path ''
2019-06-11 11:34:14.831 [restartedMain] INFO  com.course.Application - Started Application in 1.846 seconds (JVM running for 73.974)
2019-06-11 11:34:14.835 [restartedMain] INFO  o.s.boot.devtools.autoconfigure.ConditionEvaluationDeltaLoggingListener - Condition evaluation unchanged
2019-06-11 11:34:28.707 [http-nio-8080-exec-2] INFO  org.apache.catalina.core.ContainerBase.[Tomcat].[localhost].[/] - Initializing Spring DispatcherServlet 'dispatcherServlet'
2019-06-11 11:34:28.710 [http-nio-8080-exec-2] INFO  org.springframework.web.servlet.DispatcherServlet - Initializing Servlet 'dispatcherServlet'
2019-06-11 11:34:28.728 [http-nio-8080-exec-2] INFO  org.springframework.web.servlet.DispatcherServlet - Completed initialization in 16 ms
2019-06-11 11:35:08.849 [restartedMain] INFO  com.course.Application - Starting Application on DESKTOP-NRG4275 with PID 1888 (C:\Users\DELL\Desktop\go_test\target\classes started by DELL in C:\Users\DELL\Desktop\go_test)
2019-06-11 11:35:08.856 [restartedMain] INFO  com.course.Application - No active profile set, falling back to default profiles: default
2019-06-11 11:35:09.030 [restartedMain] INFO  org.springframework.boot.devtools.env.DevToolsPropertyDefaultsPostProcessor - Devtools property defaults active! Set 'spring.devtools.add-properties' to 'false' to disable
2019-06-11 11:35:09.032 [restartedMain] INFO  org.springframework.boot.devtools.env.DevToolsPropertyDefaultsPostProcessor - For additional web related logging consider setting the 'logging.level.web' property to 'DEBUG'
2019-06-11 11:35:11.616 [restartedMain] WARN  org.mybatis.spring.mapper.ClassPathMapperScanner - No MyBatis mapper was found in '[com.course]' package. Please check your configuration.
2019-06-11 11:35:15.055 [restartedMain] INFO  org.springframework.boot.web.embedded.tomcat.TomcatWebServer - Tomcat initialized with port(s): 8080 (http)
2019-06-11 11:35:15.245 [restartedMain] INFO  org.apache.catalina.core.StandardService - Starting service [Tomcat]
2019-06-11 11:35:15.247 [restartedMain] INFO  org.apache.catalina.core.StandardEngine - Starting Servlet engine: [Apache Tomcat/9.0.17]
2019-06-11 11:35:15.769 [restartedMain] INFO  org.apache.catalina.core.ContainerBase.[Tomcat].[localhost].[/] - Initializing Spring embedded WebApplicationContext
2019-06-11 11:35:15.771 [restartedMain] INFO  org.springframework.web.context.ContextLoader - Root WebApplicationContext: initialization completed in 6734 ms
2019-06-11 11:35:18.502 [restartedMain] INFO  org.springframework.scheduling.concurrent.ThreadPoolTaskExecutor - Initializing ExecutorService 'applicationTaskExecutor'
2019-06-11 11:35:19.854 [restartedMain] INFO  org.springframework.boot.autoconfigure.web.servlet.WelcomePageHandlerMapping - Adding welcome page: class path resource [static/index.html]
2019-06-11 11:35:20.710 [restartedMain] INFO  org.springframework.scheduling.concurrent.ThreadPoolTaskScheduler - Initializing ExecutorService 'taskScheduler'
2019-06-11 11:35:21.232 [restartedMain] INFO  org.springframework.boot.devtools.autoconfigure.OptionalLiveReloadServer - LiveReload server is running on port 35729
2019-06-11 11:35:21.836 [restartedMain] INFO  org.springframework.boot.web.embedded.tomcat.TomcatWebServer - Tomcat started on port(s): 8080 (http) with context path ''
2019-06-11 11:35:21.884 [restartedMain] INFO  com.course.Application - Started Application in 13.954 seconds (JVM running for 15.13)
2019-06-11 11:35:52.870 [http-nio-8080-exec-1] INFO  org.apache.catalina.core.ContainerBase.[Tomcat].[localhost].[/] - Initializing Spring DispatcherServlet 'dispatcherServlet'
2019-06-11 11:35:52.872 [http-nio-8080-exec-1] INFO  org.springframework.web.servlet.DispatcherServlet - Initializing Servlet 'dispatcherServlet'
2019-06-11 11:35:52.920 [http-nio-8080-exec-1] INFO  org.springframework.web.servlet.DispatcherServlet - Completed initialization in 34 ms
